0 info it worked if it ends with ok
1 verbose cli [ '/usr/bin/node', '/usr/bin/npm', 'install', 'threejs' ]
2 info using npm@1.4.28
3 info using node@v0.10.37
4 verbose node symlink /usr/bin/node
5 verbose cache add [ 'threejs', null ]
6 verbose cache add name=undefined spec="threejs" args=["threejs",null]
7 verbose parsed url { protocol: null,
7 verbose parsed url   slashes: null,
7 verbose parsed url   auth: null,
7 verbose parsed url   host: null,
7 verbose parsed url   port: null,
7 verbose parsed url   hostname: null,
7 verbose parsed url   hash: null,
7 verbose parsed url   search: null,
7 verbose parsed url   query: null,
7 verbose parsed url   pathname: 'threejs',
7 verbose parsed url   path: 'threejs',
7 verbose parsed url   href: 'threejs' }
8 silly lockFile 3d52a648-threejs threejs
9 verbose lock threejs /home/solevi/.npm/3d52a648-threejs.lock
10 silly lockFile 3d52a648-threejs threejs
11 silly lockFile 3d52a648-threejs threejs
12 verbose addNamed [ 'threejs', '' ]
13 verbose addNamed [ null, '*' ]
14 silly lockFile d86781b6-threejs threejs@
15 verbose lock threejs@ /home/solevi/.npm/d86781b6-threejs.lock
16 silly addNameRange { name: 'threejs', range: '*', hasData: false }
17 verbose request where is /threejs
18 verbose request registry https://registry.npmjs.org/
19 verbose request id bf14dbc9a779b503
20 verbose url raw /threejs
21 verbose url resolving [ 'https://registry.npmjs.org/', './threejs' ]
22 verbose url resolved https://registry.npmjs.org/threejs
23 verbose request where is https://registry.npmjs.org/threejs
24 info trying registry request attempt 1 at 16:57:03
25 http GET https://registry.npmjs.org/threejs
26 http 404 https://registry.npmjs.org/threejs
27 silly registry.get cb [ 404,
27 silly registry.get   { 'content-type': 'application/json',
27 silly registry.get     'cache-control': 'max-age=0',
27 silly registry.get     'content-length': '2',
27 silly registry.get     'accept-ranges': 'bytes',
27 silly registry.get     date: 'Mon, 28 Sep 2015 21:57:04 GMT',
27 silly registry.get     via: '1.1 varnish',
27 silly registry.get     age: '0',
27 silly registry.get     connection: 'keep-alive',
27 silly registry.get     'x-served-by': 'cache-dfw1825-DFW',
27 silly registry.get     'x-cache': 'MISS',
27 silly registry.get     'x-cache-hits': '0',
27 silly registry.get     'x-timer': 'S1443477423.997028,VS0,VE73' } ]
28 silly lockFile d86781b6-threejs threejs@
29 silly lockFile d86781b6-threejs threejs@
30 error 404 Not Found
30 error 404
30 error 404 'threejs' is not in the npm registry.
30 error 404 You should bug the author to publish it
30 error 404
30 error 404 Note that you can also install from a
30 error 404 tarball, folder, or http url, or git url.
31 error System Linux 3.16.0-49-generic
32 error command "/usr/bin/node" "/usr/bin/npm" "install" "threejs"
33 error cwd /home/solevi/CSCE/brownzach125.github.io/csce649
34 error node -v v0.10.37
35 error npm -v 1.4.28
36 error code E404
37 verbose exit [ 1, true ]
